This file contains any messages produced by compilers while
running configure, to aid debugging if configure makes a mistake.

It was created by OpenEXR configure 2.2.0, which was
generated by GNU Autoconf 2.63.  Invocation command line was

  $ ./configure 

## --------- ##
## Platform. ##
## --------- ##

hostname = whirringbox
uname -m = x86_64
uname -r = 4.4.0-59-generic
uname -s = Linux
uname -v = #80-Ubuntu SMP Fri Jan 6 17:47:47 UTC 2017

/usr/bin/uname -p = unknown
/bin/uname -X     = unknown

/bin/arch              = unknown
/usr/bin/arch -k       = unknown
/usr/convex/getsysinfo = unknown
/usr/bin/hostinfo      = unknown
/bin/machine           = unknown
/usr/bin/oslevel       = unknown
/bin/universe          = unknown

PATH: /usr/local/sbin
PATH: /usr/local/bin
PATH: /usr/sbin
PATH: /usr/bin
PATH: /sbin
PATH: /bin
PATH: /usr/games
PATH: /usr/local/games
PATH: /snap/bin
PATH: /home/james/Qt5.4.1/Tools/QtCreator/bin/


## ----------- ##
## Core tests. ##
## ----------- ##

configure:2151: checking build system type
configure:2169: result: x86_64-unknown-linux-gnu
configure:2191: checking host system type
configure:2206: result: x86_64-unknown-linux-gnu
configure:2247: checking for a BSD-compatible install
configure:2315: result: /usr/bin/install -c
configure:2326: checking whether build environment is sane
configure:2386: result: yes
configure:2527: checking for a thread-safe mkdir -p
configure:2566: result: /bin/mkdir -p
configure:2579: checking for gawk
configure:2595: found /usr/bin/gawk
configure:2606: result: gawk
configure:2617: checking whether make sets $(MAKE)
configure:2639: result: yes
configure:2721: checking whether to enable maintainer-specific portions of Makefiles
configure:2730: result: no
configure:2809: checking for g++
configure:2825: found /usr/bin/g++
configure:2836: result: g++
configure:2863: checking for C++ compiler version
configure:2871: g++ --version >&5
g++ (Ubuntu 5.4.0-6ubuntu1~16.04.4) 5.4.0 20160609
Copyright (C) 2015 Free Software Foundation, Inc.
This is free software; see the source for copying conditions.  There is NO
warranty; not even for MERCHANTABILITY or FITNESS FOR A PARTICULAR PURPOSE.

configure:2875: $? = 0
configure:2882: g++ -v >&5
Using built-in specs.
COLLECT_GCC=g++
COLLECT_LTO_WRAPPER=/usr/lib/gcc/x86_64-linux-gnu/5/lto-wrapper
Target: x86_64-linux-gnu
Configured with: ../src/configure -v --with-pkgversion='Ubuntu 5.4.0-6ubuntu1~16.04.4' --with-bugurl=file:///usr/share/doc/gcc-5/README.Bugs --enable-languages=c,ada,c++,java,go,d,fortran,objc,obj-c++ --prefix=/usr --program-suffix=-5 --enable-shared --enable-linker-build-id --libexecdir=/usr/lib --without-included-gettext --enable-threads=posix --libdir=/usr/lib --enable-nls --with-sysroot=/ --enable-clocale=gnu --enable-libstdcxx-debug --enable-libstdcxx-time=yes --with-default-libstdcxx-abi=new --enable-gnu-unique-object --disable-vtable-verify --enable-libmpx --enable-plugin --with-system-zlib --disable-browser-plugin --enable-java-awt=gtk --enable-gtk-cairo --with-java-home=/usr/lib/jvm/java-1.5.0-gcj-5-amd64/jre --enable-java-home --with-jvm-root-dir=/usr/lib/jvm/java-1.5.0-gcj-5-amd64 --with-jvm-jar-dir=/usr/lib/jvm-exports/java-1.5.0-gcj-5-amd64 --with-arch-directory=amd64 --with-ecj-jar=/usr/share/java/eclipse-ecj.jar --enable-objc-gc --enable-multiarch --disable-werror --with-arch-32=i686 --with-abi=m64 --with-multilib-list=m32,m64,mx32 --enable-multilib --with-tune=generic --enable-checking=release --build=x86_64-linux-gnu --host=x86_64-linux-gnu --target=x86_64-linux-gnu
Thread model: posix
gcc version 5.4.0 20160609 (Ubuntu 5.4.0-6ubuntu1~16.04.4) 
configure:2886: $? = 0
configure:2893: g++ -V >&5
g++: error: unrecognized command line option '-V'
g++: fatal error: no input files
compilation terminated.
configure:2897: $? = 1
configure:2920: checking for C++ compiler default output file name
configure:2942: g++    conftest.cpp  >&5
configure:2946: $? = 0
configure:2984: result: a.out
configure:3003: checking whether the C++ compiler works
configure:3013: ./a.out
configure:3017: $? = 0
configure:3036: result: yes
configure:3043: checking whether we are cross compiling
configure:3045: result: no
configure:3048: checking for suffix of executables
configure:3055: g++ -o conftest    conftest.cpp  >&5
configure:3059: $? = 0
configure:3085: result: 
configure:3091: checking for suffix of object files
configure:3117: g++ -c   conftest.cpp >&5
configure:3121: $? = 0
configure:3146: result: o
configure:3150: checking whether we are using the GNU C++ compiler
configure:3179: g++ -c   conftest.cpp >&5
configure:3186: $? = 0
configure:3203: result: yes
configure:3212: checking whether g++ accepts -g
configure:3242: g++ -c -g  conftest.cpp >&5
configure:3249: $? = 0
configure:3350: result: yes
configure:3384: checking for style of include used by make
configure:3412: result: GNU
configure:3437: checking dependency style of g++
configure:3547: result: gcc3
configure:3576: checking for a BSD-compatible install
configure:3644: result: /usr/bin/install -c
configure:3703: checking for gcc
configure:3719: found /usr/bin/gcc
configure:3730: result: gcc
configure:3962: checking for C compiler version
configure:3970: gcc --version >&5
gcc (Ubuntu 5.4.0-6ubuntu1~16.04.4) 5.4.0 20160609
Copyright (C) 2015 Free Software Foundation, Inc.
This is free software; see the source for copying conditions.  There is NO
warranty; not even for MERCHANTABILITY or FITNESS FOR A PARTICULAR PURPOSE.

configure:3974: $? = 0
configure:3981: gcc -v >&5
Using built-in specs.
COLLECT_GCC=gcc
COLLECT_LTO_WRAPPER=/usr/lib/gcc/x86_64-linux-gnu/5/lto-wrapper
Target: x86_64-linux-gnu
Configured with: ../src/configure -v --with-pkgversion='Ubuntu 5.4.0-6ubuntu1~16.04.4' --with-bugurl=file:///usr/share/doc/gcc-5/README.Bugs --enable-languages=c,ada,c++,java,go,d,fortran,objc,obj-c++ --prefix=/usr --program-suffix=-5 --enable-shared --enable-linker-build-id --libexecdir=/usr/lib --without-included-gettext --enable-threads=posix --libdir=/usr/lib --enable-nls --with-sysroot=/ --enable-clocale=gnu --enable-libstdcxx-debug --enable-libstdcxx-time=yes --with-default-libstdcxx-abi=new --enable-gnu-unique-object --disable-vtable-verify --enable-libmpx --enable-plugin --with-system-zlib --disable-browser-plugin --enable-java-awt=gtk --enable-gtk-cairo --with-java-home=/usr/lib/jvm/java-1.5.0-gcj-5-amd64/jre --enable-java-home --with-jvm-root-dir=/usr/lib/jvm/java-1.5.0-gcj-5-amd64 --with-jvm-jar-dir=/usr/lib/jvm-exports/java-1.5.0-gcj-5-amd64 --with-arch-directory=amd64 --with-ecj-jar=/usr/share/java/eclipse-ecj.jar --enable-objc-gc --enable-multiarch --disable-werror --with-arch-32=i686 --with-abi=m64 --with-multilib-list=m32,m64,mx32 --enable-multilib --with-tune=generic --enable-checking=release --build=x86_64-linux-gnu --host=x86_64-linux-gnu --target=x86_64-linux-gnu
Thread model: posix
gcc version 5.4.0 20160609 (Ubuntu 5.4.0-6ubuntu1~16.04.4) 
configure:3985: $? = 0
configure:3992: gcc -V >&5
gcc: error: unrecognized command line option '-V'
gcc: fatal error: no input files
compilation terminated.
configure:3996: $? = 1
configure:3999: checking whether we are using the GNU C compiler
configure:4028: gcc -c   conftest.c >&5
configure:4035: $? = 0
configure:4052: result: yes
configure:4061: checking whether gcc accepts -g
configure:4091: gcc -c -g  conftest.c >&5
configure:4098: $? = 0
configure:4199: result: yes
configure:4216: checking for gcc option to accept ISO C89
configure:4290: gcc  -c -g -O2  conftest.c >&5
configure:4297: $? = 0
configure:4320: result: none needed
configure:4340: checking dependency style of gcc
configure:4450: result: gcc3
configure:4465: checking whether ln -s works
configure:4469: result: yes
configure:4501: checking for a sed that does not truncate output
configure:4567: result: /bin/sed
configure:4585: checking for grep that handles long lines and -e
configure:4645: result: /bin/grep
configure:4650: checking for egrep
configure:4714: result: /bin/grep -E
configure:4719: checking for fgrep
configure:4783: result: /bin/grep -F
configure:4818: checking for ld used by gcc
configure:4885: result: /usr/bin/ld
configure:4894: checking if the linker (/usr/bin/ld) is GNU ld
configure:4909: result: yes
configure:4921: checking for BSD- or MS-compatible name lister (nm)
configure:4970: result: /usr/bin/nm -B
configure:5088: checking the name lister (/usr/bin/nm -B) interface
configure:5095: gcc -c -g -O2  conftest.c >&5
configure:5098: /usr/bin/nm -B "conftest.o"
configure:5101: output
0000000000000000 B some_variable
configure:5108: result: BSD nm
configure:5112: checking the maximum length of command line arguments
configure:5232: result: 1572864
configure:5249: checking whether the shell understands some XSI constructs
configure:5259: result: yes
configure:5263: checking whether the shell understands "+="
configure:5269: result: yes
configure:5304: checking for /usr/bin/ld option to reload object files
configure:5311: result: -r
configure:5380: checking for objdump
configure:5396: found /usr/bin/objdump
configure:5407: result: objdump
configure:5439: checking how to recognize dependent libraries
configure:5635: result: pass_all
configure:5695: checking for ar
configure:5711: found /usr/bin/ar
configure:5722: result: ar
configure:5800: checking for strip
configure:5816: found /usr/bin/strip
configure:5827: result: strip
configure:5899: checking for ranlib
configure:5915: found /usr/bin/ranlib
configure:5926: result: ranlib
configure:6016: checking command to parse /usr/bin/nm -B output from gcc object
configure:6134: gcc -c -g -O2  conftest.c >&5
configure:6137: $? = 0
configure:6141: /usr/bin/nm -B conftest.o \| sed -n -e 's/^.*[	 ]\([ABCDGIRSTW][ABCDGIRSTW]*\)[	 ][	 ]*\([_A-Za-z][_A-Za-z0-9]*\)$/\1 \2 \2/p' \> conftest.nm
configure:6144: $? = 0
configure:6198: gcc -o conftest -g -O2   conftest.c conftstm.o >&5
configure:6201: $? = 0
configure:6239: result: ok
configure:6335: gcc -c -g -O2  conftest.c >&5
configure:6338: $? = 0
configure:7106: checking how to run the C preprocessor
configure:7146: gcc -E  conftest.c
configure:7153: $? = 0
configure:7184: gcc -E  conftest.c
conftest.c:10:28: fatal error: ac_nonexistent.h: No such file or directory
compilation terminated.
configure:7191: $? = 1
configure: failed program was:
| /* confdefs.h.  */
| #define PACKAGE_NAME "OpenEXR"
| #define PACKAGE_TARNAME "openexr"
| #define PACKAGE_VERSION "2.2.0"
| #define PACKAGE_STRING "OpenEXR 2.2.0"
| #define PACKAGE_BUGREPORT ""
| #define PACKAGE "openexr"
| #define VERSION "2.2.0"
| /* end confdefs.h.  */
| #include <ac_nonexistent.h>
configure:7224: result: gcc -E
configure:7253: gcc -E  conftest.c
configure:7260: $? = 0
configure:7291: gcc -E  conftest.c
conftest.c:10:28: fatal error: ac_nonexistent.h: No such file or directory
compilation terminated.
configure:7298: $? = 1
configure: failed program was:
| /* confdefs.h.  */
| #define PACKAGE_NAME "OpenEXR"
| #define PACKAGE_TARNAME "openexr"
| #define PACKAGE_VERSION "2.2.0"
| #define PACKAGE_STRING "OpenEXR 2.2.0"
| #define PACKAGE_BUGREPORT ""
| #define PACKAGE "openexr"
| #define VERSION "2.2.0"
| /* end confdefs.h.  */
| #include <ac_nonexistent.h>
configure:7338: checking for ANSI C header files
configure:7368: gcc -c -g -O2  conftest.c >&5
configure:7375: $? = 0
configure:7474: gcc -o conftest -g -O2   conftest.c  >&5
configure:7478: $? = 0
configure:7484: ./conftest
configure:7488: $? = 0
configure:7506: result: yes
configure:7530: checking for sys/types.h
configure:7551: gcc -c -g -O2  conftest.c >&5
configure:7558: $? = 0
configure:7575: result: yes
configure:7530: checking for sys/stat.h
configure:7551: gcc -c -g -O2  conftest.c >&5
configure:7558: $? = 0
configure:7575: result: yes
configure:7530: checking for stdlib.h
configure:7551: gcc -c -g -O2  conftest.c >&5
configure:7558: $? = 0
configure:7575: result: yes
configure:7530: checking for string.h
configure:7551: gcc -c -g -O2  conftest.c >&5
configure:7558: $? = 0
configure:7575: result: yes
configure:7530: checking for memory.h
configure:7551: gcc -c -g -O2  conftest.c >&5
configure:7558: $? = 0
configure:7575: result: yes
configure:7530: checking for strings.h
configure:7551: gcc -c -g -O2  conftest.c >&5
configure:7558: $? = 0
configure:7575: result: yes
configure:7530: checking for inttypes.h
configure:7551: gcc -c -g -O2  conftest.c >&5
configure:7558: $? = 0
configure:7575: result: yes
configure:7530: checking for stdint.h
configure:7551: gcc -c -g -O2  conftest.c >&5
configure:7558: $? = 0
configure:7575: result: yes
configure:7530: checking for unistd.h
configure:7551: gcc -c -g -O2  conftest.c >&5
configure:7558: $? = 0
configure:7575: result: yes
configure:7593: checking for dlfcn.h
configure:7614: gcc -c -g -O2  conftest.c >&5
configure:7621: $? = 0
configure:7638: result: yes
configure:7765: checking for C++ compiler version
configure:7773: g++ --version >&5
g++ (Ubuntu 5.4.0-6ubuntu1~16.04.4) 5.4.0 20160609
Copyright (C) 2015 Free Software Foundation, Inc.
This is free software; see the source for copying conditions.  There is NO
warranty; not even for MERCHANTABILITY or FITNESS FOR A PARTICULAR PURPOSE.

configure:7777: $? = 0
configure:7784: g++ -v >&5
Using built-in specs.
COLLECT_GCC=g++
COLLECT_LTO_WRAPPER=/usr/lib/gcc/x86_64-linux-gnu/5/lto-wrapper
Target: x86_64-linux-gnu
Configured with: ../src/configure -v --with-pkgversion='Ubuntu 5.4.0-6ubuntu1~16.04.4' --with-bugurl=file:///usr/share/doc/gcc-5/README.Bugs --enable-languages=c,ada,c++,java,go,d,fortran,objc,obj-c++ --prefix=/usr --program-suffix=-5 --enable-shared --enable-linker-build-id --libexecdir=/usr/lib --without-included-gettext --enable-threads=posix --libdir=/usr/lib --enable-nls --with-sysroot=/ --enable-clocale=gnu --enable-libstdcxx-debug --enable-libstdcxx-time=yes --with-default-libstdcxx-abi=new --enable-gnu-unique-object --disable-vtable-verify --enable-libmpx --enable-plugin --with-system-zlib --disable-browser-plugin --enable-java-awt=gtk --enable-gtk-cairo --with-java-home=/usr/lib/jvm/java-1.5.0-gcj-5-amd64/jre --enable-java-home --with-jvm-root-dir=/usr/lib/jvm/java-1.5.0-gcj-5-amd64 --with-jvm-jar-dir=/usr/lib/jvm-exports/java-1.5.0-gcj-5-amd64 --with-arch-directory=amd64 --with-ecj-jar=/usr/share/java/eclipse-ecj.jar --enable-objc-gc --enable-multiarch --disable-werror --with-arch-32=i686 --with-abi=m64 --with-multilib-list=m32,m64,mx32 --enable-multilib --with-tune=generic --enable-checking=release --build=x86_64-linux-gnu --host=x86_64-linux-gnu --target=x86_64-linux-gnu
Thread model: posix
gcc version 5.4.0 20160609 (Ubuntu 5.4.0-6ubuntu1~16.04.4) 
configure:7788: $? = 0
configure:7795: g++ -V >&5
g++: error: unrecognized command line option '-V'
g++: fatal error: no input files
compilation terminated.
configure:7799: $? = 1
configure:7802: checking whether we are using the GNU C++ compiler
configure:7855: result: yes
configure:7864: checking whether g++ accepts -g
configure:8002: result: yes
configure:8027: checking dependency style of g++
configure:8137: result: gcc3
configure:8160: checking how to run the C++ preprocessor
configure:8196: g++ -E  conftest.cpp
configure:8203: $? = 0
configure:8234: g++ -E  conftest.cpp
conftest.cpp:21:28: fatal error: ac_nonexistent.h: No such file or directory
compilation terminated.
configure:8241: $? = 1
configure: failed program was:
| /* confdefs.h.  */
| #define PACKAGE_NAME "OpenEXR"
| #define PACKAGE_TARNAME "openexr"
| #define PACKAGE_VERSION "2.2.0"
| #define PACKAGE_STRING "OpenEXR 2.2.0"
| #define PACKAGE_BUGREPORT ""
| #define PACKAGE "openexr"
| #define VERSION "2.2.0"
| #define STDC_HEADERS 1
| #define HAVE_SYS_TYPES_H 1
| #define HAVE_SYS_STAT_H 1
| #define HAVE_STDLIB_H 1
| #define HAVE_STRING_H 1
| #define HAVE_MEMORY_H 1
| #define HAVE_STRINGS_H 1
| #define HAVE_INTTYPES_H 1
| #define HAVE_STDINT_H 1
| #define HAVE_UNISTD_H 1
| #define HAVE_DLFCN_H 1
| /* end confdefs.h.  */
| #include <ac_nonexistent.h>
configure:8274: result: g++ -E
configure:8303: g++ -E  conftest.cpp
configure:8310: $? = 0
configure:8341: g++ -E  conftest.cpp
conftest.cpp:21:28: fatal error: ac_nonexistent.h: No such file or directory
compilation terminated.
configure:8348: $? = 1
configure: failed program was:
| /* confdefs.h.  */
| #define PACKAGE_NAME "OpenEXR"
| #define PACKAGE_TARNAME "openexr"
| #define PACKAGE_VERSION "2.2.0"
| #define PACKAGE_STRING "OpenEXR 2.2.0"
| #define PACKAGE_BUGREPORT ""
| #define PACKAGE "openexr"
| #define VERSION "2.2.0"
| #define STDC_HEADERS 1
| #define HAVE_SYS_TYPES_H 1
| #define HAVE_SYS_STAT_H 1
| #define HAVE_STDLIB_H 1
| #define HAVE_STRING_H 1
| #define HAVE_MEMORY_H 1
| #define HAVE_STRINGS_H 1
| #define HAVE_INTTYPES_H 1
| #define HAVE_STDINT_H 1
| #define HAVE_UNISTD_H 1
| #define HAVE_DLFCN_H 1
| /* end confdefs.h.  */
| #include <ac_nonexistent.h>
configure:8562: checking for objdir
configure:8577: result: .libs
configure:8869: checking if gcc supports -fno-rtti -fno-exceptions
configure:8887: gcc -c -g -O2  -fno-rtti -fno-exceptions conftest.c >&5
cc1: warning: command line option '-fno-rtti' is valid for C++/ObjC++ but not for C
configure:8891: $? = 0
configure:8904: result: no
configure:8924: checking for gcc option to produce PIC
configure:9196: result: -fPIC -DPIC
configure:9208: checking if gcc PIC flag -fPIC -DPIC works
configure:9226: gcc -c -g -O2  -fPIC -DPIC -DPIC conftest.c >&5
configure:9230: $? = 0
configure:9243: result: yes
configure:9267: checking if gcc static flag -static works
configure:9295: result: yes
configure:9310: checking if gcc supports -c -o file.o
configure:9331: gcc -c -g -O2  -o out/conftest2.o conftest.c >&5
configure:9335: $? = 0
configure:9357: result: yes
configure:9365: checking if gcc supports -c -o file.o
configure:9412: result: yes
configure:9445: checking whether the gcc linker (/usr/bin/ld -m elf_x86_64) supports shared libraries
configure:10519: result: yes
configure:10556: checking whether -lc should be explicitly linked in
configure:10561: gcc -c -g -O2  conftest.c >&5
configure:10564: $? = 0
configure:10579: gcc -shared conftest.o  -v -Wl,-soname -Wl,conftest -o conftest 2\>\&1 \| /bin/grep  -lc  \>/dev/null 2\>\&1
configure:10582: $? = 0
configure:10594: result: no
configure:10758: checking dynamic linker characteristics
configure:11201: gcc -o conftest -g -O2   -Wl,-rpath -Wl,/foo conftest.c  >&5
configure:11208: $? = 0
configure:11444: result: GNU/Linux ld.so
configure:11546: checking how to hardcode library paths into programs
configure:11571: result: immediate
configure:12404: checking whether stripping libraries is possible
configure:12409: result: yes
configure:12444: checking if libtool supports shared libraries
configure:12446: result: yes
configure:12449: checking whether to build shared libraries
configure:12470: result: yes
configure:12473: checking whether to build static libraries
configure:12477: result: yes
configure:12627: checking for ld used by g++
configure:12694: result: /usr/bin/ld -m elf_x86_64
configure:12703: checking if the linker (/usr/bin/ld -m elf_x86_64) is GNU ld
configure:12718: result: yes
configure:12773: checking whether the g++ linker (/usr/bin/ld -m elf_x86_64) supports shared libraries
configure:13748: result: yes
configure:13776: g++ -c -g -O2  conftest.cpp >&5
configure:13779: $? = 0
configure:13961: checking for g++ option to produce PIC
configure:14278: result: -fPIC -DPIC
configure:14287: checking if g++ PIC flag -fPIC -DPIC works
configure:14305: g++ -c -g -O2  -fPIC -DPIC -DPIC conftest.cpp >&5
configure:14309: $? = 0
configure:14322: result: yes
configure:14343: checking if g++ static flag -static works
configure:14371: result: yes
configure:14383: checking if g++ supports -c -o file.o
configure:14404: g++ -c -g -O2  -o out/conftest2.o conftest.cpp >&5
configure:14408: $? = 0
configure:14430: result: yes
configure:14435: checking if g++ supports -c -o file.o
configure:14482: result: yes
configure:14512: checking whether the g++ linker (/usr/bin/ld -m elf_x86_64) supports shared libraries
configure:14538: result: yes
configure:14675: checking dynamic linker characteristics
configure:15066: g++ -o conftest -g -O2   -Wl,-rpath -Wl,/foo conftest.cpp  >&5
configure:15073: $? = 0
configure:15309: result: GNU/Linux ld.so
configure:15360: checking how to hardcode library paths into programs
configure:15385: result: immediate
configure:15443: checking whether make sets $(MAKE)
configure:15465: result: yes
configure:15518: checking for pkg-config
configure:15536: found /usr/bin/pkg-config
configure:15549: result: /usr/bin/pkg-config
configure:16495: checking for IlmBase
configure:16541: g++ -o conftest -g -O2 -pthread -I/usr/local/include/OpenEXR   -L/usr/local/lib conftest.cpp  -L/usr/local/lib -lImath -lHalf -lIex -lIexMath -lIlmThread -pthread >&5
conftest.cpp: In function 'int main()':
conftest.cpp:35:82: warning: ignoring return value of 'int system(const char*)', declared with attribute warn_unused_result [-Wunused-result]
 double d = IMATH_NAMESPACE::succd(.23); d+= .2;; system("touch conf.testprogram");
                                                                                  ^
configure:16545: $? = 0
configure:16551: ./conftest
configure:16555: $? = 0
configure:16573: result: yes
configure:16575: result: Compiled and ran IlmBase test program.
configure:16749: checking for ANSI C header files
configure:16917: result: yes
configure:16944: checking limits.h usability
configure:16961: gcc -c -g -O2  conftest.c >&5
configure:16968: $? = 0
configure:16982: result: yes
configure:16986: checking limits.h presence
configure:17001: gcc -E  conftest.c
configure:17008: $? = 0
configure:17022: result: yes
configure:17050: checking for limits.h
configure:17059: result: yes
configure:16933: checking for unistd.h
configure:16940: result: yes
configure:17075: checking for an ANSI C-conforming const
configure:17150: gcc -c -g -O2  conftest.c >&5
configure:17157: $? = 0
configure:17172: result: yes
configure:17182: checking for inline
configure:17208: gcc -c -g -O2  conftest.c >&5
configure:17215: $? = 0
configure:17233: result: inline
configure:17252: checking for size_t
configure:17280: gcc -c -g -O2  conftest.c >&5
configure:17287: $? = 0
configure:17314: gcc -c -g -O2  conftest.c >&5
conftest.c: In function 'main':
conftest.c:67:21: error: expected expression before ')' token
 if (sizeof ((size_t)))
                     ^
configure:17321: $? = 1
configure: failed program was:
| /* confdefs.h.  */
| #define PACKAGE_NAME "OpenEXR"
| #define PACKAGE_TARNAME "openexr"
| #define PACKAGE_VERSION "2.2.0"
| #define PACKAGE_STRING "OpenEXR 2.2.0"
| #define PACKAGE_BUGREPORT ""
| #define PACKAGE "openexr"
| #define VERSION "2.2.0"
| #define STDC_HEADERS 1
| #define HAVE_SYS_TYPES_H 1
| #define HAVE_SYS_STAT_H 1
| #define HAVE_STDLIB_H 1
| #define HAVE_STRING_H 1
| #define HAVE_MEMORY_H 1
| #define HAVE_STRINGS_H 1
| #define HAVE_INTTYPES_H 1
| #define HAVE_STDINT_H 1
| #define HAVE_UNISTD_H 1
| #define HAVE_DLFCN_H 1
| #define LT_OBJDIR ".libs/"
| #define OPENEXR_VERSION_STRING "2.2.0"
| #define OPENEXR_PACKAGE_STRING "OpenEXR 2.2.0"
| #define OPENEXR_VERSION_MAJOR 2
| #define OPENEXR_VERSION_MINOR 2
| #define OPENEXR_VERSION_PATCH 0
| #define OPENEXR_IMF_HAVE_LARGE_STACK 1
| #define STDC_HEADERS 1
| #define HAVE_LIMITS_H 1
| #define HAVE_UNISTD_H 1
| /* end confdefs.h.  */
| #include <stdio.h>
| #ifdef HAVE_SYS_TYPES_H
| # include <sys/types.h>
| #endif
| #ifdef HAVE_SYS_STAT_H
| # include <sys/stat.h>
| #endif
| #ifdef STDC_HEADERS
| # include <stdlib.h>
| # include <stddef.h>
| #else
| # ifdef HAVE_STDLIB_H
| #  include <stdlib.h>
| # endif
| #endif
| #ifdef HAVE_STRING_H
| # if !defined STDC_HEADERS && defined HAVE_MEMORY_H
| #  include <memory.h>
| # endif
| # include <string.h>
| #endif
| #ifdef HAVE_STRINGS_H
| # include <strings.h>
| #endif
| #ifdef HAVE_INTTYPES_H
| # include <inttypes.h>
| #endif
| #ifdef HAVE_STDINT_H
| # include <stdint.h>
| #endif
| #ifdef HAVE_UNISTD_H
| # include <unistd.h>
| #endif
| int
| main ()
| {
| if (sizeof ((size_t)))
| 	  return 0;
|   ;
|   return 0;
| }
configure:17344: result: yes
configure:17357: checking for compress in -lz
configure:17392: gcc -o conftest -g -O2   conftest.c -lz   >&5
configure:17399: $? = 0
configure:17420: result: yes
configure:17450: checking for complete iomanip support in C++ standard library
configure:17484: g++ -c -g -O2  conftest.cpp >&5
configure:17491: $? = 0
configure:17508: result: yes
configure:17518: checking for gcc optimization flags
configure:17543: gcc -c -g -O2 -pipe  conftest.c >&5
configure:17550: $? = 0
configure:17565: result: -pipe
configure:17568: checking for AVX instructions in GCC style inline asm
configure:17606: gcc -c -g -O2  conftest.c >&5
configure:17613: $? = 0
configure:17632: result: yes
configure:17641: checking for sysconf(_SC_NPROCESSORS_ONLN)
configure:17668: gcc -c -g -O2  conftest.c >&5
configure:17675: $? = 0
configure:17690: result: yes
configure:18101: creating ./config.status

## ---------------------- ##
## Running config.status. ##
## ---------------------- ##

This file was extended by OpenEXR config.status 2.2.0, which was
generated by GNU Autoconf 2.63.  Invocation command line was

  CONFIG_FILES    = 
  CONFIG_HEADERS  = 
  CONFIG_LINKS    = 
  CONFIG_COMMANDS = 
  $ ./config.status 

on whirringbox

config.status:1106: creating Makefile
config.status:1106: creating OpenEXR.pc
config.status:1106: creating config/Makefile
config.status:1106: creating IlmImf/Makefile
config.status:1106: creating IlmImfTest/Makefile
config.status:1106: creating IlmImfUtil/Makefile
config.status:1106: creating IlmImfUtilTest/Makefile
config.status:1106: creating IlmImfFuzzTest/Makefile
config.status:1106: creating exrheader/Makefile
config.status:1106: creating exrmaketiled/Makefile
config.status:1106: creating IlmImfExamples/Makefile
config.status:1106: creating doc/Makefile
config.status:1106: creating exrstdattr/Makefile
config.status:1106: creating exrmakepreview/Makefile
config.status:1106: creating exrenvmap/Makefile
config.status:1106: creating exrmultiview/Makefile
config.status:1106: creating exrmultipart/Makefile
config.status:1106: creating config/OpenEXRConfig.h
config.status:1328: config/OpenEXRConfig.h is unchanged
config.status:1380: executing depfiles commands
config.status:1380: executing libtool commands
configure:20617: result:
---------------------------------------------
Summary for OpenEXR features:

build IlmImf example program                    no
build IlmImf damaged input resilience test      no
build IlmImf huge input test                    no
enable large stack optimizations                yes
internal library namespace                      Imf_2_2
user-client namespace                           Imf
configure:20638: result:
---------------------------------------------


## ---------------- ##
## Cache variables. ##
## ---------------- ##

ac_cv_build=x86_64-unknown-linux-gnu
ac_cv_c_compiler_gnu=yes
ac_cv_c_const=yes
ac_cv_c_inline=inline
ac_cv_cxx_compiler_gnu=yes
ac_cv_env_CCC_set=
ac_cv_env_CCC_value=
ac_cv_env_CC_set=
ac_cv_env_CC_value=
ac_cv_env_CFLAGS_set=
ac_cv_env_CFLAGS_value=
ac_cv_env_CPPFLAGS_set=
ac_cv_env_CPPFLAGS_value=
ac_cv_env_CPP_set=
ac_cv_env_CPP_value=
ac_cv_env_CXXCPP_set=
ac_cv_env_CXXCPP_value=
ac_cv_env_CXXFLAGS_set=
ac_cv_env_CXXFLAGS_value=
ac_cv_env_CXX_set=
ac_cv_env_CXX_value=
ac_cv_env_LDFLAGS_set=
ac_cv_env_LDFLAGS_value=
ac_cv_env_LIBS_set=
ac_cv_env_LIBS_value=
ac_cv_env_PKG_CONFIG_set=
ac_cv_env_PKG_CONFIG_value=
ac_cv_env_build_alias_set=
ac_cv_env_build_alias_value=
ac_cv_env_host_alias_set=
ac_cv_env_host_alias_value=
ac_cv_env_target_alias_set=
ac_cv_env_target_alias_value=
ac_cv_header_dlfcn_h=yes
ac_cv_header_inttypes_h=yes
ac_cv_header_limits_h=yes
ac_cv_header_memory_h=yes
ac_cv_header_stdc=yes
ac_cv_header_stdint_h=yes
ac_cv_header_stdlib_h=yes
ac_cv_header_string_h=yes
ac_cv_header_strings_h=yes
ac_cv_header_sys_stat_h=yes
ac_cv_header_sys_types_h=yes
ac_cv_header_unistd_h=yes
ac_cv_host=x86_64-unknown-linux-gnu
ac_cv_lib_z_compress=yes
ac_cv_objext=o
ac_cv_path_EGREP='/bin/grep -E'
ac_cv_path_FGREP='/bin/grep -F'
ac_cv_path_GREP=/bin/grep
ac_cv_path_PKG_CONFIG=/usr/bin/pkg-config
ac_cv_path_SED=/bin/sed
ac_cv_path_install='/usr/bin/install -c'
ac_cv_path_mkdir=/bin/mkdir
ac_cv_prog_AWK=gawk
ac_cv_prog_CPP='gcc -E'
ac_cv_prog_CXXCPP='g++ -E'
ac_cv_prog_ac_ct_AR=ar
ac_cv_prog_ac_ct_CC=gcc
ac_cv_prog_ac_ct_CXX=g++
ac_cv_prog_ac_ct_OBJDUMP=objdump
ac_cv_prog_ac_ct_RANLIB=ranlib
ac_cv_prog_ac_ct_STRIP=strip
ac_cv_prog_cc_c89=
ac_cv_prog_cc_g=yes
ac_cv_prog_cxx_g=yes
ac_cv_prog_make_make_set=yes
ac_cv_type_size_t=yes
am_cv_CC_dependencies_compiler_type=gcc3
am_cv_CXX_dependencies_compiler_type=gcc3
lt_cv_deplibs_check_method=pass_all
lt_cv_file_magic_cmd='$MAGIC_CMD'
lt_cv_file_magic_test_file=
lt_cv_ld_reload_flag=-r
lt_cv_nm_interface='BSD nm'
lt_cv_objdir=.libs
lt_cv_path_LD=/usr/bin/ld
lt_cv_path_LDCXX='/usr/bin/ld -m elf_x86_64'
lt_cv_path_NM='/usr/bin/nm -B'
lt_cv_prog_compiler_c_o=yes
lt_cv_prog_compiler_c_o_CXX=yes
lt_cv_prog_compiler_pic_works=yes
lt_cv_prog_compiler_pic_works_CXX=yes
lt_cv_prog_compiler_rtti_exceptions=no
lt_cv_prog_compiler_static_works=yes
lt_cv_prog_compiler_static_works_CXX=yes
lt_cv_prog_gnu_ld=yes
lt_cv_prog_gnu_ldcxx=yes
lt_cv_sys_global_symbol_pipe='sed -n -e '\''s/^.*[	 ]\([ABCDGIRSTW][ABCDGIRSTW]*\)[	 ][	 ]*\([_A-Za-z][_A-Za-z0-9]*\)$/\1 \2 \2/p'\'''
lt_cv_sys_global_symbol_to_c_name_address='sed -n -e '\''s/^: \([^ ]*\) $/  {\"\1\", (void *) 0},/p'\'' -e '\''s/^[ABCDGIRSTW]* \([^ ]*\) \([^ ]*\)$/  {"\2", (void *) \&\2},/p'\'''
lt_cv_sys_global_symbol_to_c_name_address_lib_prefix='sed -n -e '\''s/^: \([^ ]*\) $/  {\"\1\", (void *) 0},/p'\'' -e '\''s/^[ABCDGIRSTW]* \([^ ]*\) \(lib[^ ]*\)$/  {"\2", (void *) \&\2},/p'\'' -e '\''s/^[ABCDGIRSTW]* \([^ ]*\) \([^ ]*\)$/  {"lib\2", (void *) \&\2},/p'\'''
lt_cv_sys_global_symbol_to_cdecl='sed -n -e '\''s/^T .* \(.*\)$/extern int \1();/p'\'' -e '\''s/^[ABCDGIRSTW]* .* \(.*\)$/extern char \1;/p'\'''
lt_cv_sys_max_cmd_len=1572864

## ----------------- ##
## Output variables. ##
## ----------------- ##

ACLOCAL='${SHELL} /home/james/Downloads/openexr-2.2.0/missing --run aclocal-1.11'
AMDEPBACKSLASH='\'
AMDEP_FALSE='#'
AMDEP_TRUE=''
AMTAR='${SHELL} /home/james/Downloads/openexr-2.2.0/missing --run tar'
AM_CFLAGS='-pipe'
AM_CXXFLAGS='-pipe'
AR='ar'
AUTOCONF='${SHELL} /home/james/Downloads/openexr-2.2.0/missing --run autoconf'
AUTOHEADER='${SHELL} /home/james/Downloads/openexr-2.2.0/missing --run autoheader'
AUTOMAKE='${SHELL} /home/james/Downloads/openexr-2.2.0/missing --run automake-1.11'
AWK='gawk'
BUILD_IMFEXAMPLES_FALSE=''
BUILD_IMFEXAMPLES_TRUE='#'
BUILD_IMFFUZZTEST_FALSE=''
BUILD_IMFFUZZTEST_TRUE='#'
BUILD_IMFHUGETEST_FALSE=''
BUILD_IMFHUGETEST_TRUE='#'
CC='gcc'
CCDEPMODE='depmode=gcc3'
CFLAGS='-g -O2'
CPP='gcc -E'
CPPFLAGS=''
CXX='g++'
CXXCPP='g++ -E'
CXXDEPMODE='depmode=gcc3'
CXXFLAGS='-g -O2'
CYGPATH_W='echo'
DEFS='-DHAVE_CONFIG_H'
DEPDIR='.deps'
DSYMUTIL=''
DUMPBIN=''
ECHO_C=''
ECHO_N='-n'
ECHO_T=''
EGREP='/bin/grep -E'
EXEEXT=''
FGREP='/bin/grep -F'
GREP='/bin/grep'
ILMBASE_CXXFLAGS='-pthread -I/usr/local/include/OpenEXR'
ILMBASE_LDFLAGS='-L/usr/local/lib'
ILMBASE_LIBS='-L/usr/local/lib -lImath -lHalf -lIex -lIexMath -lIlmThread -pthread'
INSTALL_DATA='${INSTALL} -m 644'
INSTALL_PROGRAM='${INSTALL}'
INSTALL_SCRIPT='${INSTALL}'
INSTALL_STRIP_PROGRAM='$(install_sh) -c -s'
LD='/usr/bin/ld -m elf_x86_64'
LDFLAGS=''
LIBOBJS=''
LIBS=''
LIBTOOL='$(SHELL) $(top_builddir)/libtool'
LIBTOOL_VERSION='22:0:0'
LIB_SUFFIX='2_2'
LIB_SUFFIX_DASH='-2_2'
LIB_SUFFIX_EXISTS_FALSE='#'
LIB_SUFFIX_EXISTS_TRUE=''
LIPO=''
LN_S='ln -s'
LTLIBOBJS=''
MAINT='#'
MAINTAINER_MODE_FALSE=''
MAINTAINER_MODE_TRUE='#'
MAKEINFO='${SHELL} /home/james/Downloads/openexr-2.2.0/missing --run makeinfo'
MKDIR_P='/bin/mkdir -p'
NM='/usr/bin/nm -B'
NMEDIT=''
OBJDUMP='objdump'
OBJEXT='o'
OPENEXR_VERSION='2.2.0'
OPENEXR_VERSION_API='2_2'
OPENEXR_VERSION_MAJOR='2'
OPENEXR_VERSION_MINOR='2'
OPENEXR_VERSION_PATCH='0'
OTOOL64=''
OTOOL=''
PACKAGE='openexr'
PACKAGE_BUGREPORT=''
PACKAGE_NAME='OpenEXR'
PACKAGE_STRING='OpenEXR 2.2.0'
PACKAGE_TARNAME='openexr'
PACKAGE_VERSION='2.2.0'
PATH_SEPARATOR=':'
PKG_CONFIG='/usr/bin/pkg-config'
PTHREAD_CC=''
PTHREAD_CFLAGS=''
PTHREAD_LIBS=''
RANLIB='ranlib'
SED='/bin/sed'
SET_MAKE=''
SHELL='/bin/bash'
STRIP='strip'
VERSION='2.2.0'
ac_ct_CC='gcc'
ac_ct_CXX='g++'
ac_ct_DUMPBIN=''
acx_pthread_config=''
am__EXEEXT_FALSE=''
am__EXEEXT_TRUE='#'
am__fastdepCC_FALSE='#'
am__fastdepCC_TRUE=''
am__fastdepCXX_FALSE='#'
am__fastdepCXX_TRUE=''
am__include='include'
am__isrc=''
am__leading_dot='.'
am__quote=''
am__tar='${AMTAR} chof - "$$tardir"'
am__untar='${AMTAR} xf -'
bindir='${exec_prefix}/bin'
build='x86_64-unknown-linux-gnu'
build_alias=''
build_cpu='x86_64'
build_os='linux-gnu'
build_vendor='unknown'
datadir='${datarootdir}'
datarootdir='${prefix}/share'
docdir='${datarootdir}/doc/${PACKAGE_TARNAME}'
dvidir='${docdir}'
exec_prefix='${prefix}'
host='x86_64-unknown-linux-gnu'
host_alias=''
host_cpu='x86_64'
host_os='linux-gnu'
host_vendor='unknown'
htmldir='${docdir}'
includedir='${prefix}/include'
infodir='${datarootdir}/info'
install_sh='${SHELL} /home/james/Downloads/openexr-2.2.0/install-sh'
libdir='${exec_prefix}/lib'
libexecdir='${exec_prefix}/libexec'
localedir='${datarootdir}/locale'
localstatedir='${prefix}/var'
lt_ECHO='echo'
mandir='${datarootdir}/man'
mkdir_p='/bin/mkdir -p'
oldincludedir='/usr/include'
pdfdir='${docdir}'
prefix='/usr/local'
program_transform_name='s,x,x,'
psdir='${docdir}'
sbindir='${exec_prefix}/sbin'
sharedstatedir='${prefix}/com'
sysconfdir='${prefix}/etc'
target_alias=''

## ----------- ##
## confdefs.h. ##
## ----------- ##

#define PACKAGE_NAME "OpenEXR"
#define PACKAGE_TARNAME "openexr"
#define PACKAGE_VERSION "2.2.0"
#define PACKAGE_STRING "OpenEXR 2.2.0"
#define PACKAGE_BUGREPORT ""
#define PACKAGE "openexr"
#define VERSION "2.2.0"
#define STDC_HEADERS 1
#define HAVE_SYS_TYPES_H 1
#define HAVE_SYS_STAT_H 1
#define HAVE_STDLIB_H 1
#define HAVE_STRING_H 1
#define HAVE_MEMORY_H 1
#define HAVE_STRINGS_H 1
#define HAVE_INTTYPES_H 1
#define HAVE_STDINT_H 1
#define HAVE_UNISTD_H 1
#define HAVE_DLFCN_H 1
#define LT_OBJDIR ".libs/"
#define OPENEXR_VERSION_STRING "2.2.0"
#define OPENEXR_PACKAGE_STRING "OpenEXR 2.2.0"
#define OPENEXR_VERSION_MAJOR 2
#define OPENEXR_VERSION_MINOR 2
#define OPENEXR_VERSION_PATCH 0
#define OPENEXR_IMF_HAVE_LARGE_STACK 1
#define STDC_HEADERS 1
#define HAVE_LIMITS_H 1
#define HAVE_UNISTD_H 1
#define OPENEXR_IMF_HAVE_COMPLETE_IOMANIP 1
#define OPENEXR_IMF_HAVE_GCC_INLINE_ASM_AVX 1
#define OPENEXR_IMF_HAVE_SYSCONF_NPROCESSORS_ONLN 1
#define OPENEXR_IMF_HAVE_LINUX_PROCFS 1
#define OPENEXR_IMF_INTERNAL_NAMESPACE Imf_2_2
#define OPENEXR_IMF_INTERNAL_NAMESPACE_CUSTOM 1
#define OPENEXR_IMF_NAMESPACE Imf

configure: exit 0
